<?xml version="1.0" encoding="UTF-8"?>
<!-- Generated by org.testng.reporters.JUnitReportReporter -->
<testsuite hostname="DESKTOP-N1NG7JA" failures="0" tests="1" name="practice.java.ArraayPrograms" time="0.021" errors="0" timestamp="2024-06-21T14:43:34 IST" skipped="0">
  <testcase classname="practice.java.ArraayPrograms" name="thridmax" time="0.021"/>
  <system-out/>
</testsuite> <!-- practice.java.ArraayPrograms -->
