<?xml version="1.0" encoding="UTF-8"?>
<!-- Generated by org.testng.reporters.JUnitReportReporter -->
<testsuite hostname="DESKTOP-N1NG7JA" failures="0" tests="1" name="taskTest.NoonwebPageAppleTest" time="39.738" errors="0" timestamp="2024-05-23T11:18:04 IST" skipped="0">
  <testcase classname="taskTest.NoonwebPageAppleTest" name="AppleNameFetchTest" time="39.738"/>
  <system-out/>
</testsuite> <!-- taskTest.NoonwebPageAppleTest -->
