<?xml version="1.0" encoding="UTF-8"?>
<!-- Generated by org.testng.reporters.JUnitReportReporter -->
<testsuite hostname="DESKTOP-N1NG7JA" failures="0" tests="1" name="practice.java.StringOccorance" time="0.016" errors="0" timestamp="2024-06-20T18:59:21 IST" skipped="0">
  <testcase classname="practice.java.StringOccorance" name="m4" time="0.016"/>
  <system-out/>
</testsuite> <!-- practice.java.StringOccorance -->
