<?xml version="1.0" encoding="UTF-8"?>
<!-- Generated by org.testng.reporters.JUnitReportReporter -->
<testsuite hostname="DESKTOP-N1NG7JA" failures="0" tests="1" name="selenium.practiceTest.SychronizationTest" time="11.940" errors="0" timestamp="2024-05-27T17:11:30 IST" skipped="0">
  <testcase classname="selenium.practiceTest.SychronizationTest" name="sychroniesWithElementTest" time="11.940"/>
  <system-out/>
</testsuite> <!-- selenium.practiceTest.SychronizationTest -->
