<?xml version="1.0" encoding="UTF-8"?>
<!-- Generated by org.testng.reporters.JUnitReportReporter -->
<testsuite hostname="DESKTOP-N1NG7JA" failures="0" tests="1" name="selenium.practiceTest.MouseHoverActionTest" time="14.527" errors="0" timestamp="2024-05-27T22:29:04 IST" skipped="0">
  <testcase classname="selenium.practiceTest.MouseHoverActionTest" name="MouseHoverTest" time="14.527"/>
  <system-out/>
</testsuite> <!-- selenium.practiceTest.MouseHoverActionTest -->
