<?xml version="1.0" encoding="UTF-8"?>
<!-- Generated by org.testng.reporters.JUnitReportReporter -->
<testsuite hostname="DESKTOP-N1NG7JA" failures="0" tests="3" name="practice.tesng.ContactTest" time="0.023" errors="0" timestamp="2024-06-08T13:17:18 IST" skipped="0">
  <testcase classname="practice.tesng.ContactTest" name="a1" time="0.003"/>
  <system-out/>
  <testcase classname="practice.tesng.ContactTest" name="a2" time="0.004"/>
  <system-out/>
  <testcase classname="practice.tesng.ContactTest" name="a3" time="0.016"/>
  <system-out/>
</testsuite> <!-- practice.tesng.ContactTest -->
