<?xml version="1.0" encoding="UTF-8"?>
<!-- Generated by org.testng.reporters.JUnitReportReporter -->
<testsuite hostname="DESKTOP-N1NG7JA" failures="0" tests="1" name="selenium.practiceTest.SliderTest" time="9.928" errors="0" timestamp="2024-05-30T21:41:05 IST" skipped="0">
  <testcase classname="selenium.practiceTest.SliderTest" name="sliderDragTest" time="9.928"/>
  <system-out/>
</testsuite> <!-- selenium.practiceTest.SliderTest -->
