<?xml version="1.0" encoding="UTF-8"?>
<!-- Generated by org.testng.reporters.JUnitReportReporter -->
<testsuite hostname="DESKTOP-N1NG7JA" failures="0" tests="1" name="selenium.practiceTest.RadioBottonTest" time="8.805" errors="0" timestamp="2024-05-27T11:09:01 IST" skipped="0">
  <testcase classname="selenium.practiceTest.RadioBottonTest" name="selectedTest" time="8.805"/>
  <system-out/>
</testsuite> <!-- selenium.practiceTest.RadioBottonTest -->
