<?xml version="1.0" encoding="UTF-8"?>
<!-- Generated by org.testng.reporters.JUnitReportReporter -->
<testsuite hostname="DESKTOP-N1NG7JA" failures="0" tests="1" name="practice.pom.repositoty.SampleTestWithPom" time="7.473" errors="0" timestamp="2024-06-06T15:09:46 IST" skipped="0">
  <testcase classname="practice.pom.repositoty.SampleTestWithPom" name="testPom" time="7.473"/>
  <system-out/>
</testsuite> <!-- practice.pom.repositoty.SampleTestWithPom -->
