<?xml version="1.0" encoding="UTF-8"?>
<!-- Generated by org.testng.reporters.JUnitReportReporter -->
<testsuite hostname="DESKTOP-N1NG7JA" failures="0" tests="1" name="selenium.practiceTest.PopupTest" time="11.109" errors="0" timestamp="2024-05-27T12:23:01 IST" skipped="0">
  <testcase classname="selenium.practiceTest.PopupTest" name="promptAlertTest" time="11.109"/>
  <system-out/>
</testsuite> <!-- selenium.practiceTest.PopupTest -->
