<?xml version="1.0" encoding="UTF-8"?>
<!-- Generated by org.testng.reporters.JUnitReportReporter -->
<testsuite hostname="DESKTOP-N1NG7JA" failures="0" tests="1" name="selenium.practiceTest.DropDownTest" time="9.840" errors="0" timestamp="2024-05-27T10:36:58 IST" skipped="0">
  <testcase classname="selenium.practiceTest.DropDownTest" name="searchWithSelectTest" time="9.840"/>
  <system-out/>
</testsuite> <!-- selenium.practiceTest.DropDownTest -->
