<?xml version="1.0" encoding="UTF-8"?>
<!-- Generated by org.testng.reporters.JUnitReportReporter -->
<testsuite hostname="DESKTOP-N1NG7JA" failures="0" tests="1" name="practice.tesng.InvocationCountProgTest" time="0.013" errors="0" timestamp="2024-06-10T16:15:29 IST" skipped="0">
  <testcase classname="practice.tesng.InvocationCountProgTest" name="a" time="0.013"/>
  <system-out/>
</testsuite> <!-- practice.tesng.InvocationCountProgTest -->
