<?xml version="1.0" encoding="UTF-8"?>
<!-- Generated by org.testng.reporters.JUnitReportReporter -->
<testsuite hostname="DESKTOP-N1NG7JA" failures="0" tests="1" name="selenium.practiceTest.MoucseActionsTest" time="17.937" errors="0" timestamp="2024-05-27T20:46:27 IST" skipped="0">
  <testcase classname="selenium.practiceTest.MoucseActionsTest" name="DragPositionTest" time="17.937"/>
  <system-out/>
</testsuite> <!-- selenium.practiceTest.MoucseActionsTest -->
