<?xml version="1.0" encoding="UTF-8"?>
<!-- Generated by org.testng.reporters.JUnitReportReporter -->
<testsuite hostname="DESKTOP-N1NG7JA" failures="0" tests="7" name="practice.tesng.DataProviderFromExcel" time="0.056" errors="0" timestamp="2024-06-19T18:07:07 IST" skipped="0">
  <testcase classname="practice.tesng.DataProviderFromExcel" name="loginDetails" time="0.005"/>
  <system-out/>
  <testcase classname="practice.tesng.DataProviderFromExcel" name="loginDetails" time="0.010"/>
  <system-out/>
  <testcase classname="practice.tesng.DataProviderFromExcel" name="loginDetails" time="0.008"/>
  <system-out/>
  <testcase classname="practice.tesng.DataProviderFromExcel" name="loginDetails" time="0.005"/>
  <system-out/>
  <testcase classname="practice.tesng.DataProviderFromExcel" name="loginDetails" time="0.011"/>
  <system-out/>
  <testcase classname="practice.tesng.DataProviderFromExcel" name="loginDetails" time="0.006"/>
  <system-out/>
  <testcase classname="practice.tesng.DataProviderFromExcel" name="loginDetails" time="0.011"/>
  <system-out/>
</testsuite> <!-- practice.tesng.DataProviderFromExcel -->
