<?xml version="1.0" encoding="UTF-8"?>
<!-- Generated by org.testng.reporters.JUnitReportReporter -->
<testsuite hostname="DESKTOP-N1NG7JA" failures="0" tests="1" name="selenium.practiceTest.CheckBoxTest" time="12.388" errors="0" timestamp="2024-05-28T10:50:03 IST" skipped="0">
  <testcase classname="selenium.practiceTest.CheckBoxTest" name="checkBox" time="12.388"/>
  <system-out/>
</testsuite> <!-- selenium.practiceTest.CheckBoxTest -->
