<?xml version="1.0" encoding="UTF-8"?>
<!-- Generated by org.testng.reporters.JUnitReportReporter -->
<testsuite hostname="DESKTOP-N1NG7JA" failures="0" tests="3" name="practice.tesng.OrganizationTest" time="0.028" errors="0" timestamp="2024-06-10T11:03:27 IST" skipped="0">
  <testcase classname="practice.tesng.OrganizationTest" name="deleteOrgTest" time="0.005"/>
  <system-out/>
  <testcase classname="practice.tesng.OrganizationTest" name="createOrgTest" time="0.019"/>
  <system-out/>
  <testcase classname="practice.tesng.OrganizationTest" name="modificationOrgTest" time="0.004"/>
  <system-out/>
</testsuite> <!-- practice.tesng.OrganizationTest -->
