<?xml version="1.0" encoding="UTF-8"?>
<!-- Generated by org.testng.reporters.JUnitReportReporter -->
<testsuite hostname="DESKTOP-N1NG7JA" failures="0" tests="1" name="selenium.practiceTest.WebTableHandleTest" time="25.399" errors="0" timestamp="2024-05-26T17:17:34 IST" skipped="0">
  <testcase classname="selenium.practiceTest.WebTableHandleTest" name="tableWithCheck" time="25.399"/>
  <system-out/>
</testsuite> <!-- selenium.practiceTest.WebTableHandleTest -->
