<?xml version="1.0" encoding="UTF-8"?>
<!-- Generated by org.testng.reporters.JUnitReportReporter -->
<testsuite hostname="DESKTOP-N1NG7JA" failures="0" tests="1" name="selenium.practiceTest.ScrollHandelingTest" time="9.226" errors="0" timestamp="2024-05-27T15:44:30 IST" skipped="0">
  <testcase classname="selenium.practiceTest.ScrollHandelingTest" name="scrollTest" time="9.226"/>
  <system-out/>
</testsuite> <!-- selenium.practiceTest.ScrollHandelingTest -->
