<?xml version="1.0" encoding="UTF-8"?>
<!-- Generated by org.testng.reporters.JUnitReportReporter -->
<testsuite hostname="DESKTOP-N1NG7JA" failures="0" tests="1" name="practiceDataDrivenTesting.CreateOrgTest" time="55.747" errors="0" timestamp="2024-06-10T16:27:13 IST" skipped="0">
  <testcase classname="practiceDataDrivenTesting.CreateOrgTest" name="createOrgtest" time="55.747"/>
  <system-out/>
</testsuite> <!-- practiceDataDrivenTesting.CreateOrgTest -->
