<?xml version="1.0" encoding="UTF-8"?>
<!-- Generated by org.testng.reporters.JUnitReportReporter -->
<testsuite hostname="DESKTOP-N1NG7JA" failures="0" tests="1" name="practiceDataDrivenTesting.ReandDataFromTestNGXmlTest" time="0.017" errors="0" timestamp="2024-05-21T16:04:57 IST" skipped="0">
  <testcase classname="practiceDataDrivenTesting.ReandDataFromTestNGXmlTest" name="sampleTest" time="0.017"/>
  <system-out/>
</testsuite> <!-- practiceDataDrivenTesting.ReandDataFromTestNGXmlTest -->
