<?xml version="1.0" encoding="UTF-8"?>
<!-- Generated by org.testng.reporters.JUnitReportReporter -->
<testsuite hostname="DESKTOP-N1NG7JA" failures="0" tests="1" name="selenium.practiceTest.PagLoadingSychronizationTest" time="9.081" errors="0" timestamp="2024-05-27T17:20:11 IST" skipped="0">
  <testcase classname="selenium.practiceTest.PagLoadingSychronizationTest" name="sychroniesPageloadingTest" time="9.081"/>
  <system-out/>
</testsuite> <!-- selenium.practiceTest.PagLoadingSychronizationTest -->
