<?xml version="1.0" encoding="UTF-8"?>
<!-- Generated by org.testng.reporters.JUnitReportReporter -->
<testsuite hostname="DESKTOP-N1NG7JA" failures="0" tests="2" name="com.crm.comcast.contactTest.CreateContactTest" time="0.064" errors="0" timestamp="2024-06-12T16:23:09 IST" skipped="0">
  <testcase classname="com.crm.comcast.contactTest.CreateContactTest" name="createContactTest" time="0.026"/>
  <system-out/>
  <testcase classname="com.crm.comcast.contactTest.CreateContactTest" name="createContactwithDateTest" time="0.038"/>
  <system-out/>
</testsuite> <!-- com.crm.comcast.contactTest.CreateContactTest -->
