<?xml version="1.0" encoding="UTF-8"?>
<!-- Generated by org.testng.reporters.JUnitReportReporter -->
<testsuite hostname="DESKTOP-N1NG7JA" failures="0" tests="1" name="selenium.practiceTest.DynamicElementWebTableTest" time="8.943" errors="0" timestamp="2024-05-25T12:06:12 IST" skipped="0">
  <testcase classname="selenium.practiceTest.DynamicElementWebTableTest" name="dynamicElement" time="8.943"/>
  <system-out/>
</testsuite> <!-- selenium.practiceTest.DynamicElementWebTableTest -->
