<?xml version="1.0" encoding="UTF-8"?>
<!-- Generated by org.testng.reporters.JUnitReportReporter -->
<testsuite hostname="DESKTOP-N1NG7JA" failures="0" tests="2" name="practice.tesng.EnabledTest" time="0.018" errors="0" timestamp="2024-06-10T16:29:56 IST" skipped="0">
  <testcase classname="practice.tesng.EnabledTest" name="m1" time="0.013"/>
  <system-out/>
  <testcase classname="practice.tesng.EnabledTest" name="m2" time="0.005"/>
  <system-out/>
</testsuite> <!-- practice.tesng.EnabledTest -->
