<?xml version="1.0" encoding="UTF-8"?>
<!-- Generated by org.testng.reporters.JUnitReportReporter -->
<testsuite hostname="DESKTOP-N1NG7JA" failures="0" tests="4" name="practice.tesng.DependsOnMethod" time="0.022" errors="0" timestamp="2024-06-10T15:37:36 IST" skipped="0">
  <testcase classname="practice.tesng.DependsOnMethod" name="asia" time="0.003"/>
  <system-out/>
  <testcase classname="practice.tesng.DependsOnMethod" name="west" time="0.014"/>
  <system-out/>
  <testcase classname="practice.tesng.DependsOnMethod" name="world" time="0.003"/>
  <system-out/>
  <testcase classname="practice.tesng.DependsOnMethod" name="india" time="0.002"/>
  <system-out/>
</testsuite> <!-- practice.tesng.DependsOnMethod -->
