<?xml version="1.0" encoding="UTF-8"?>
<!-- Generated by org.testng.reporters.JUnitReportReporter -->
<testsuite hostname="DESKTOP-N1NG7JA" failures="0" tests="1" name="practice.testng.SanpleReportTest" time="4.895" errors="0" timestamp="2024-06-24T10:26:50 IST" skipped="0">
  <testcase classname="practice.testng.SanpleReportTest" name="createContactTest" time="4.895"/>
  <system-out/>
</testsuite> <!-- practice.testng.SanpleReportTest -->
