<?xml version="1.0" encoding="UTF-8"?>
<!-- Generated by org.testng.reporters.JUnitReportReporter -->
<testsuite hostname="DESKTOP-N1NG7JA" failures="0" tests="1" name="practice.testng.SimpleScreenshotProgramTest" time="4.929" errors="0" timestamp="2024-06-20T10:09:48 IST" skipped="0">
  <testcase classname="practice.testng.SimpleScreenshotProgramTest" name="screenshotTest" time="4.929"/>
  <system-out/>
</testsuite> <!-- practice.testng.SimpleScreenshotProgramTest -->
