<?xml version="1.0" encoding="UTF-8"?>
<!-- Generated by org.testng.reporters.JUnitReportReporter -->
<testsuite hostname="DESKTOP-N1NG7JA" failures="0" tests="1" name="practice.java.SystemDateCapture" time="0.046" errors="0" timestamp="2024-06-20T15:09:24 IST" skipped="0">
  <testcase classname="practice.java.SystemDateCapture" name="generateTime" time="0.046"/>
  <system-out/>
</testsuite> <!-- practice.java.SystemDateCapture -->
