<?xml version="1.0" encoding="UTF-8"?>
<!-- Generated by org.testng.reporters.JUnitReportReporter -->
<testsuite hostname="DESKTOP-N1NG7JA" failures="0" tests="7" name="practice.testng.DataProviderFromExcel" time="0.054" errors="0" timestamp="2024-06-20T17:08:08 IST" skipped="0">
  <testcase classname="practice.testng.DataProviderFromExcel" name="loginDetails" time="0.011"/>
  <system-out/>
  <testcase classname="practice.testng.DataProviderFromExcel" name="loginDetails" time="0.008"/>
  <system-out/>
  <testcase classname="practice.testng.DataProviderFromExcel" name="loginDetails" time="0.004"/>
  <system-out/>
  <testcase classname="practice.testng.DataProviderFromExcel" name="loginDetails" time="0.009"/>
  <system-out/>
  <testcase classname="practice.testng.DataProviderFromExcel" name="loginDetails" time="0.007"/>
  <system-out/>
  <testcase classname="practice.testng.DataProviderFromExcel" name="loginDetails" time="0.007"/>
  <system-out/>
  <testcase classname="practice.testng.DataProviderFromExcel" name="loginDetails" time="0.008"/>
  <system-out/>
</testsuite> <!-- practice.testng.DataProviderFromExcel -->
