<?xml version="1.0" encoding="UTF-8"?>
<!-- Generated by org.testng.reporters.JUnitReportReporter -->
<testsuite hostname="DESKTOP-N1NG7JA" failures="0" tests="1" name="selenium.practiceTest.AuthenticationPopupTest" time="4.660" errors="0" timestamp="2024-05-28T10:44:42 IST" skipped="0">
  <testcase classname="selenium.practiceTest.AuthenticationPopupTest" name="authenticationTest" time="4.660"/>
  <system-out/>
</testsuite> <!-- selenium.practiceTest.AuthenticationPopupTest -->
