<?xml version="1.0" encoding="UTF-8"?>
<!-- Generated by org.testng.reporters.JUnitReportReporter -->
<testsuite hostname="DESKTOP-N1NG7JA" failures="0" tests="1" name="selenium.practiceTest.MouseClickAndHoldTest" time="12.387" errors="0" timestamp="2024-05-27T22:40:04 IST" skipped="0">
  <testcase classname="selenium.practiceTest.MouseClickAndHoldTest" name="ClickAndHoldTest" time="12.387"/>
  <system-out/>
</testsuite> <!-- selenium.practiceTest.MouseClickAndHoldTest -->
