<?xml version="1.0" encoding="UTF-8"?>
<!-- Generated by org.testng.reporters.JUnitReportReporter -->
<testsuite hostname="DESKTOP-N1NG7JA" failures="0" tests="1" name="selenium.practiceTest.JavaScriptAlertPopUpTest" time="235.794" errors="0" timestamp="2024-06-24T16:01:09 IST" skipped="0">
  <testcase classname="selenium.practiceTest.JavaScriptAlertPopUpTest" name="alertPopUps" time="235.794"/>
  <system-out/>
</testsuite> <!-- selenium.practiceTest.JavaScriptAlertPopUpTest -->
