<?xml version="1.0" encoding="UTF-8"?>
<!-- Generated by org.testng.reporters.JUnitReportReporter -->
<testsuite hostname="DESKTOP-N1NG7JA" failures="0" tests="1" name="practiceDataDrivenTesting.HrmConnectionTest" time="6.679" errors="0" timestamp="2024-06-03T15:17:29 IST" skipped="0">
  <testcase classname="practiceDataDrivenTesting.HrmConnectionTest" name="rmgyantraUser" time="6.679"/>
  <system-out/>
</testsuite> <!-- practiceDataDrivenTesting.HrmConnectionTest -->
