<?xml version="1.0" encoding="UTF-8"?>
<!-- Generated by org.testng.reporters.JUnitReportReporter -->
<testsuite hostname="DESKTOP-N1NG7JA" failures="0" tests="1" name="selenium.practiceTest.NotificationPopupTest" time="5.821" errors="0" timestamp="2024-05-27T15:15:10 IST" skipped="0">
  <testcase classname="selenium.practiceTest.NotificationPopupTest" name="authenticationTest" time="5.821"/>
  <system-out/>
</testsuite> <!-- selenium.practiceTest.NotificationPopupTest -->
