<?xml version="1.0" encoding="UTF-8"?>
<!-- Generated by org.testng.reporters.JUnitReportReporter -->
<testsuite hostname="DESKTOP-N1NG7JA" failures="0" tests="2" name="practice.annotations.CreateContactTest" time="0.024" errors="0" timestamp="2024-06-12T10:08:35 IST" skipped="0">
  <testcase classname="practice.annotations.CreateContactTest" name="createContact" time="0.019"/>
  <system-out/>
  <testcase classname="practice.annotations.CreateContactTest" name="createContactwithDate" time="0.005"/>
  <system-out/>
</testsuite> <!-- practice.annotations.CreateContactTest -->
