<?xml version="1.0" encoding="UTF-8"?>
<!-- Generated by org.testng.reporters.JUnitReportReporter -->
<testsuite hostname="DESKTOP-N1NG7JA" failures="0" tests="1" name="practiceDataDrivenTesting.SimpleUnitTestCheckProjectTest" time="0.885" errors="0" timestamp="2024-05-23T12:44:19 IST" skipped="0">
  <testcase classname="practiceDataDrivenTesting.SimpleUnitTestCheckProjectTest" name="unitTest" time="0.885"/>
  <system-out/>
</testsuite> <!-- practiceDataDrivenTesting.SimpleUnitTestCheckProjectTest -->
