<?xml version="1.0" encoding="UTF-8"?>
<!-- Generated by org.testng.reporters.JUnitReportReporter -->
<testsuite hostname="DESKTOP-N1NG7JA" failures="0" tests="1" name="practice.java.FirstMaximum" time="0.015" errors="0" timestamp="2024-06-18T12:28:57 IST" skipped="0">
  <testcase classname="practice.java.FirstMaximum" name="thirdMaximumAnotherApporch" time="0.015"/>
  <system-out/>
</testsuite> <!-- practice.java.FirstMaximum -->
