<?xml version="1.0" encoding="UTF-8"?>
<!-- Generated by org.testng.reporters.JUnitReportReporter -->
<testsuite hostname="DESKTOP-N1NG7JA" failures="0" tests="1" name="selenium.practiceTest.IFrameTest" time="22.686" errors="0" timestamp="2024-05-30T22:21:34 IST" skipped="0">
  <testcase classname="selenium.practiceTest.IFrameTest" name="nestedWithMultipleiFrame" time="22.686"/>
  <system-out/>
</testsuite> <!-- selenium.practiceTest.IFrameTest -->
