<?xml version="1.0" encoding="UTF-8"?>
<!-- Generated by org.testng.reporters.JUnitReportReporter -->
<testsuite hostname="DESKTOP-N1NG7JA" failures="0" tests="1" name="selenium.practiceTest.BrowserWindowTest" time="78.502" errors="0" timestamp="2024-05-30T17:11:08 IST" skipped="0">
  <testcase classname="selenium.practiceTest.BrowserWindowTest" name="newTabWindow" time="78.502"/>
  <system-out/>
</testsuite> <!-- selenium.practiceTest.BrowserWindowTest -->
