<?xml version="1.0" encoding="UTF-8"?>
<!-- Generated by org.testng.reporters.JUnitReportReporter -->
<testsuite hostname="DESKTOP-N1NG7JA" failures="0" tests="1" name="practice.java.ParrernsProg" time="0.019" errors="0" timestamp="2024-06-18T11:21:06 IST" skipped="0">
  <testcase classname="practice.java.ParrernsProg" name="hw4" time="0.019"/>
  <system-out/>
</testsuite> <!-- practice.java.ParrernsProg -->
